{
  "RSpec": {
    "coverage": {
      "/Users/stephenwentling/Desktop/bloc/Bliply/spec/controllers/registrations_controller_spec.rb": [
        1,
        1,
        null,
        1,
        null,
        1,
        1,
        1,
        null,
        1,
        1,
        1,
        null,
        null,
        null,
        null
      ],
      "/Users/stephenwentling/Desktop/bloc/Bliply/spec/rails_helper.rb": [
        null,
        null,
        1,
        1,
        null,
        1,
        1,
        1,
        null,
        1,
        null,
        null,
        null,
        null,
        null,
        null,
        null,
        null,
        null,
        null,
        null,
        null,
        null,
        null,
        null,
        null,
        null,
        1,
        null,
        1,
        null,
        1,
        1,
        1,
        null,
        null,
        null,
        1,
        null,
        null,
        null,
        null,
        null,
        null,
        null,
        null,
        null,
        null,
        null,
        null,
        null,
        null,
        1,
        null,
        null,
        1,
        null,
        null,
        null
      ],
      "/Users/stephenwentling/Desktop/bloc/Bliply/config/environment.rb": [
        null,
        1,
        null,
        null,
        1
      ],
      "/Users/stephenwentling/Desktop/bloc/Bliply/config/application.rb": [
        1,
        null,
        1,
        null,
        1,
        1,
        1,
        1,
        1,
        1,
        1,
        null,
        null,
        null,
        null,
        1,
        null,
        1,
        1,
        null,
        null,
        null,
        null,
        null,
        null,
        null,
        null,
        null,
        null,
        null,
        null,
        null,
        1,
        null,
        null
      ],
      "/Users/stephenwentling/Desktop/bloc/Bliply/config/boot.rb": [
        1,
        null,
        1
      ],
      "/Users/stephenwentling/Desktop/bloc/Bliply/config/environments/test.rb": [
        1,
        null,
        null,
        null,
        null,
        null,
        null,
        1,
        null,
        null,
        null,
        null,
        1,
        null,
        null,
        1,
        1,
        null,
        null,
        1,
        1,
        null,
        null,
        1,
        null,
        null,
        1,
        null,
        null,
        null,
        null,
        1,
        null,
        null,
        1,
        null,
        null,
        1,
        null,
        null,
        null,
        null
      ],
      "/Users/stephenwentling/Desktop/bloc/Bliply/config/initializers/assets.rb": [
        null,
        null,
        null,
        1,
        null,
        null,
        null,
        null,
        null,
        null,
        null
      ],
      "/Users/stephenwentling/Desktop/bloc/Bliply/config/initializers/backtrace_silencers.rb": [
        null,
        null,
        null,
        null,
        null,
        null,
        null
      ],
      "/Users/stephenwentling/Desktop/bloc/Bliply/config/initializers/cookies_serializer.rb": [
        null,
        null,
        1
      ],
      "/Users/stephenwentling/Desktop/bloc/Bliply/config/initializers/devise.rb": [
        null,
        null,
        1,
        null,
        null,
        null,
        null,
        null,
        null,
        null,
        null,
        null,
        null,
        null,
        1,
        null,
        null,
        1,
        null,
        null,
        null,
        null,
        null,
        1,
        null,
        null,
        null,
        null,
        null,
        null,
        null,
        null,
        null,
        null,
        null,
        null,
        null,
        null,
        null,
        null,
        null,
        null,
        null,
        null,
        null,
        1,
        null,
        null,
        null,
        null,
        1,
        null,
        null,
        null,
        null,
        null,
        null,
        null,
        null,
        null,
        null,
        null,
        null,
        null,
        null,
        null,
        null,
        null,
        null,
        null,
        null,
        null,
        null,
        null,
        null,
        null,
        null,
        null,
        null,
        null,
        null,
        1,
        null,
        null,
        null,
        null,
        null,
        null,
        null,
        null,
        null,
        null,
        null,
        null,
        null,
        null,
        null,
        null,
        1,
        null,
        null,
        null,
        null,
        null,
        null,
        null,
        null,
        null,
        null,
        null,
        null,
        null,
        1,
        null,
        null,
        null,
        null,
        null,
        null,
        null,
        null,
        null,
        null,
        null,
        null,
        null,
        1,
        null,
        null,
        null,
        null,
        null,
        null,
        null,
        null,
        null,
        1,
        null,
        null,
        null,
        null,
        null,
        null,
        null,
        null,
        null,
        null,
        1,
        null,
        null,
        null,
        null,
        null,
        null,
        null,
        null,
        null,
        1,
        null,
        null,
        null,
        null,
        null,
        null,
        null,
        null,
        1,
        null,
        null,
        null,
        null,
        null,
        null,
        1,
        null,
        null,
        null,
        1,
        null,
        null,
        null,
        null,
        null,
        null,
        null,
        null,
        null,
        null,
        null,
        null,
        null,
        null,
        null,
        1,
        null,
        null,
        null,
        null,
        null,
        null,
        null,
        null,
        null,
        null,
        null,
        null,
        null,
        null,
        null,
        null,
        null,
        null,
        null,
        null,
        null,
        null,
        null,
        null,
        null,
        null,
        null,
        null,
        null,
        null,
        null,
        null,
        null,
        null,
        null,
        null,
        null,
        null,
        null,
        null,
        null,
        1,
        null,
        null,
        null,
        null,
        null,
        null,
        null,
        null,
        null,
        null,
        null,
        null,
        null,
        null,
        null,
        null,
        null,
        null,
        null,
        null,
        null,
        null,
        null,
        null,
        null,
        null,
        null,
        null,
        null
      ],
      "/Users/stephenwentling/Desktop/bloc/Bliply/config/initializers/filter_parameter_logging.rb": [
        null,
        null,
        null,
        1
      ],
      "/Users/stephenwentling/Desktop/bloc/Bliply/config/initializers/inflections.rb": [
        null,
        null,
        null,
        null,
        null,
        null,
        null,
        null,
        null,
        null,
        null,
        null,
        null,
        null,
        null,
        null
      ],
      "/Users/stephenwentling/Desktop/bloc/Bliply/config/initializers/mime_types.rb": [
        null,
        null,
        null,
        null
      ],
      "/Users/stephenwentling/Desktop/bloc/Bliply/config/initializers/session_store.rb": [
        null,
        null,
        1
      ],
      "/Users/stephenwentling/Desktop/bloc/Bliply/config/initializers/wrap_parameters.rb": [
        null,
        null,
        null,
        null,
        null,
        null,
        1,
        1,
        null,
        null,
        null,
        null,
        null,
        null
      ],
      "/Users/stephenwentling/Desktop/bloc/Bliply/spec/factories/interestables.rb": [
        1,
        1,
        null,
        null,
        null
      ],
      "/Users/stephenwentling/Desktop/bloc/Bliply/spec/factories/interests.rb": [
        1,
        1,
        1,
        null,
        null
      ],
      "/Users/stephenwentling/Desktop/bloc/Bliply/spec/factories/locationables.rb": [
        1,
        1,
        null,
        null,
        null
      ],
      "/Users/stephenwentling/Desktop/bloc/Bliply/spec/factories/locations.rb": [
        1,
        1,
        1,
        null,
        null
      ],
      "/Users/stephenwentling/Desktop/bloc/Bliply/spec/factories/users.rb": [
        1,
        1,
        1,
        1,
        1,
        1,
        null,
        null
      ],
      "/Users/stephenwentling/Desktop/bloc/Bliply/config/routes.rb": [
        1,
        null,
        null,
        1,
        1,
        1,
        null,
        1,
        1,
        null,
        null
      ],
      "/Users/stephenwentling/Desktop/bloc/Bliply/app/models/user.rb": [
        1,
        null,
        null,
        1,
        null,
        null,
        1,
        1,
        1,
        1,
        null,
        null
      ],
      "/Users/stephenwentling/Desktop/bloc/Bliply/app/helpers/application_helper.rb": [
        1,
        null
      ],
      "/Users/stephenwentling/Desktop/bloc/Bliply/app/helpers/devise_helper.rb": [
        1,
        1,
        0,
        null,
        0,
        0,
        null,
        null,
        null,
        null,
        null,
        null,
        0,
        null,
        null
      ],
      "/Users/stephenwentling/Desktop/bloc/Bliply/app/helpers/registrations_helper.rb": [
        1,
        null
      ],
      "/Users/stephenwentling/Desktop/bloc/Bliply/app/helpers/users_helper.rb": [
        1,
        null
      ],
      "/Users/stephenwentling/Desktop/bloc/Bliply/app/helpers/welcome_helper.rb": [
        1,
        null
      ],
      "/Users/stephenwentling/Desktop/bloc/Bliply/app/controllers/registrations_controller.rb": [
        1,
        null,
        1,
        null,
        1,
        0,
        null,
        null,
        null
      ],
      "/Users/stephenwentling/Desktop/bloc/Bliply/app/controllers/application_controller.rb": [
        1,
        null,
        null,
        1,
        1,
        null,
        1,
        0,
        null,
        null
      ],
      "/Users/stephenwentling/Desktop/bloc/Bliply/spec/controllers/users_controller_spec.rb": [
        1,
        1,
        null,
        1,
        null,
        1,
        1,
        2,
        2,
        null,
        1,
        1,
        1,
        1,
        null,
        null,
        1,
        1,
        1,
        1,
        null,
        null,
        null,
        null
      ],
      "/Users/stephenwentling/Desktop/bloc/Bliply/app/controllers/users_controller.rb": [
        1,
        1,
        null,
        null,
        1,
        null,
        null
      ],
      "/Users/stephenwentling/Desktop/bloc/Bliply/spec/controllers/welcome_controller_spec.rb": [
        1,
        null,
        1,
        null,
        1,
        1,
        1,
        1,
        null,
        null,
        null,
        1,
        1,
        1,
        1,
        null,
        null,
        null,
        null
      ],
      "/Users/stephenwentling/Desktop/bloc/Bliply/app/controllers/welcome_controller.rb": [
        1,
        1,
        null,
        1,
        null,
        null,
        1,
        null,
        null,
        1,
        null,
        null
      ],
      "/Users/stephenwentling/Desktop/bloc/Bliply/spec/helpers/registrations_helper_spec.rb": [
        1,
        null,
        null,
        null,
        null,
        null,
        null,
        null,
        null,
        null,
        null,
        null,
        1,
        1,
        null
      ],
      "/Users/stephenwentling/Desktop/bloc/Bliply/spec/helpers/users_helper_spec.rb": [
        1,
        null,
        null,
        null,
        null,
        null,
        null,
        null,
        null,
        null,
        null,
        null,
        1,
        1,
        null
      ],
      "/Users/stephenwentling/Desktop/bloc/Bliply/spec/helpers/welcome_helper_spec.rb": [
        1,
        null,
        null,
        null,
        null,
        null,
        null,
        null,
        null,
        null,
        null,
        null,
        1,
        1,
        null
      ],
      "/Users/stephenwentling/Desktop/bloc/Bliply/spec/models/interest_spec.rb": [
        1,
        null,
        1,
        1,
        null
      ],
      "/Users/stephenwentling/Desktop/bloc/Bliply/app/models/interest.rb": [
        1,
        null,
        1,
        1,
        1,
        null
      ],
      "/Users/stephenwentling/Desktop/bloc/Bliply/spec/models/interestable_spec.rb": [
        1,
        null,
        1,
        1,
        null
      ],
      "/Users/stephenwentling/Desktop/bloc/Bliply/app/models/interestable.rb": [
        1,
        1,
        1,
        null
      ],
      "/Users/stephenwentling/Desktop/bloc/Bliply/spec/models/location_spec.rb": [
        1,
        null,
        1,
        1,
        null
      ],
      "/Users/stephenwentling/Desktop/bloc/Bliply/app/models/location.rb": [
        1,
        1,
        1,
        1,
        null
      ],
      "/Users/stephenwentling/Desktop/bloc/Bliply/spec/models/locationable_spec.rb": [
        1,
        null,
        1,
        1,
        null
      ],
      "/Users/stephenwentling/Desktop/bloc/Bliply/app/models/locationable.rb": [
        1,
        1,
        1,
        null
      ],
      "/Users/stephenwentling/Desktop/bloc/Bliply/spec/models/user_spec.rb": [
        1,
        1,
        null,
        1,
        null,
        1,
        1,
        2,
        null,
        1,
        1,
        null,
        1,
        1,
        null,
        null,
        null,
        null
      ],
      "/Users/stephenwentling/Desktop/bloc/Bliply/spec/views/users/index.html.erb_spec.rb": [
        1,
        null,
        1,
        1,
        null
      ],
      "/Users/stephenwentling/Desktop/bloc/Bliply/spec/views/users/show.html.erb_spec.rb": [
        1,
        null,
        1,
        1,
        null
      ],
      "/Users/stephenwentling/Desktop/bloc/Bliply/spec/views/welcome/about.html.erb_spec.rb": [
        1,
        null,
        1,
        1,
        null
      ],
      "/Users/stephenwentling/Desktop/bloc/Bliply/spec/views/welcome/welcome.html.erb_spec.rb": [
        1,
        null,
        1,
        1,
        null
      ]
    },
    "timestamp": 1459392789
  }
}
